<?xml version="1.0" encoding="UTF-8"?>
<!-- Generated by org.testng.reporters.JUnitReportReporter -->
<testsuite hostname="ASCENDI-0KCVAVS" failures="0" tests="1" name="calculatorapk.browserstackWikipediaTest" time="28.730" errors="0" timestamp="2025-10-30T00:04:07 IST" skipped="0">
  <testcase classname="calculatorapk.browserstackWikipediaTest" name="wikipediaSearchTest" time="28.730"/>
</testsuite> <!-- calculatorapk.browserstackWikipediaTest -->
