<?xml version="1.0" encoding="UTF-8"?>
<!-- Generated by org.testng.reporters.JUnitReportReporter -->
<testsuite hostname="ASCENDI-0KCVAVS" failures="0" tests="1" name="calculatorapk.browserstackcalulator" time="26.004" errors="0" timestamp="2025-10-29T23:49:53 IST" skipped="0">
  <testcase classname="calculatorapk.browserstackcalulator" name="wikipediaSearchAscendionTest" time="26.004"/>
</testsuite> <!-- calculatorapk.browserstackcalulator -->
